<?xml version="1.0" encoding="UTF-8"?>
<!-- Generated by org.testng.reporters.JUnitXMLReporter -->
<testsuite ignored="0" hostname="CORALPAY078" failures="0" tests="7" name="Default test" time="26.972" errors="0" timestamp="2024-05-27T17:17:45 WAT">
  <testcase classname="Tests.LoginTest" name="SingleCheckBox" time="1.189"/>
  <testcase classname="Tests.LoginTest" name="SelFirstOpt" time="0.207"/>
  <testcase classname="Tests.LoginTest" name="SelSecondOpt" time="0.111"/>
  <testcase classname="Tests.LoginTest" name="SelThirdOpt" time="0.131"/>
  <testcase classname="Tests.LoginTest" name="SelFourthOpt" time="0.101"/>
  <testcase classname="Tests.LoginTest" name="UncheckAllOpt" time="1.095"/>
  <testcase classname="Tests.LoginTest" name="CheckAllOpt" time="0.082"/>
</testsuite> <!-- Default test -->
