<?xml version="1.0" encoding="UTF-8"?>
<!-- Generated by org.testng.reporters.JUnitXMLReporter -->
<testsuite ignored="0" hostname="CORALPAY078" failures="0" tests="7" name="Default test" time="41.146" errors="0" timestamp="2024-05-27T15:01:01 WAT">
  <testcase classname="Tests.LoginTest" name="SingleCheckBox" time="1.287"/>
  <testcase classname="Tests.LoginTest" name="SelFirstOpt" time="0.141"/>
  <testcase classname="Tests.LoginTest" name="SelSecondOpt" time="0.054"/>
  <testcase classname="Tests.LoginTest" name="SelThirdOpt" time="0.054"/>
  <testcase classname="Tests.LoginTest" name="SelFourthOpt" time="0.051"/>
  <testcase classname="Tests.LoginTest" name="UncheckAllOpt" time="1.07"/>
  <testcase classname="Tests.LoginTest" name="CheckAllOpt" time="0.066"/>
</testsuite> <!-- Default test -->
