<?xml version="1.0" encoding="UTF-8"?>
<testng-results ignored="0" total="7" passed="7" failed="0" skipped="0">
  <reporter-output>
  </reporter-output>
  <suite started-at="2024-05-27T15:00:19 WAT" name="Default suite" finished-at="2024-05-27T15:01:01 WAT" duration-ms="41146">
    <groups>
    </groups>
    <test started-at="2024-05-27T15:00:19 WAT" name="Default test" finished-at="2024-05-27T15:01:01 WAT" duration-ms="41146">
      <class name="Tests.LoginTest">
        <test-method is-config="true" signature="Setup()[pri:0, instance:Tests.LoginTest@5a56cdac]" started-at="2024-05-27T15:00:19 WAT" name="Setup" finished-at="2024-05-27T15:00:53 WAT" duration-ms="33130" status="PASS">
          <reporter-output>
          </reporter-output>
        </test-method> <!-- Setup -->
        <test-method signature="SingleCheckBox()[pri:0, instance:Tests.LoginTest@5a56cdac]" started-at="2024-05-27T15:00:53 WAT" name="SingleCheckBox" finished-at="2024-05-27T15:00:54 WAT" duration-ms="1287" status="PASS">
          <reporter-output>
          </reporter-output>
        </test-method> <!-- SingleCheckBox -->
        <test-method signature="SelFirstOpt()[pri:1, instance:Tests.LoginTest@5a56cdac]" started-at="2024-05-27T15:00:54 WAT" name="SelFirstOpt" finished-at="2024-05-27T15:00:54 WAT" duration-ms="141" status="PASS">
          <reporter-output>
          </reporter-output>
        </test-method> <!-- SelFirstOpt -->
        <test-method signature="SelSecondOpt()[pri:2, instance:Tests.LoginTest@5a56cdac]" started-at="2024-05-27T15:00:54 WAT" name="SelSecondOpt" finished-at="2024-05-27T15:00:54 WAT" duration-ms="54" status="PASS">
          <reporter-output>
          </reporter-output>
        </test-method> <!-- SelSecondOpt -->
        <test-method signature="SelThirdOpt()[pri:3, instance:Tests.LoginTest@5a56cdac]" started-at="2024-05-27T15:00:54 WAT" name="SelThirdOpt" finished-at="2024-05-27T15:00:54 WAT" duration-ms="54" status="PASS">
          <reporter-output>
          </reporter-output>
        </test-method> <!-- SelThirdOpt -->
        <test-method signature="SelFourthOpt()[pri:4, instance:Tests.LoginTest@5a56cdac]" started-at="2024-05-27T15:00:54 WAT" name="SelFourthOpt" finished-at="2024-05-27T15:00:54 WAT" duration-ms="51" status="PASS">
          <reporter-output>
          </reporter-output>
        </test-method> <!-- SelFourthOpt -->
        <test-method signature="UncheckAllOpt()[pri:5, instance:Tests.LoginTest@5a56cdac]" started-at="2024-05-27T15:00:54 WAT" name="UncheckAllOpt" finished-at="2024-05-27T15:00:55 WAT" duration-ms="1070" status="PASS">
          <reporter-output>
          </reporter-output>
        </test-method> <!-- UncheckAllOpt -->
        <test-method signature="CheckAllOpt()[pri:6, instance:Tests.LoginTest@5a56cdac]" started-at="2024-05-27T15:00:55 WAT" name="CheckAllOpt" finished-at="2024-05-27T15:00:55 WAT" duration-ms="66" status="PASS">
          <reporter-output>
          </reporter-output>
        </test-method> <!-- CheckAllOpt -->
        <test-method is-config="true" signature="tearDown()[pri:0, instance:Tests.LoginTest@5a56cdac]" started-at="2024-05-27T15:00:55 WAT" name="tearDown" finished-at="2024-05-27T15:01:01 WAT" duration-ms="5236" status="PASS">
          <reporter-output>
          </reporter-output>
        </test-method> <!-- tearDown -->
      </class> <!-- Tests.LoginTest -->
    </test> <!-- Default test -->
  </suite> <!-- Default suite -->
</testng-results>
